[0m16:42:05.394247 [debug] [MainThread]: Sending event: {'category': 'dbt', 'action': 'invocation', 'label': 'start', 'context': [<snowplow_tracker.self_describing_json.SelfDescribingJson object at 0x0000029A0C5DC4D0>, <snowplow_tracker.self_describing_json.SelfDescribingJson object at 0x0000029A0C57F590>, <snowplow_tracker.self_describing_json.SelfDescribingJson object at 0x0000029A0C5DE910>]}


============================== 16:42:05.394247 | a9f3c763-332b-4e87-a7e3-961b0d1d88db ==============================
[0m16:42:05.394247 [info ] [MainThread]: Running with dbt=1.9.0-b4
[0m16:42:05.404669 [debug] [MainThread]: running dbt with arguments {'printer_width': '80', 'indirect_selection': 'eager', 'log_cache_events': 'False', 'write_json': 'True', 'partial_parse': 'True', 'cache_selected_only': 'False', 'profiles_dir': '.', 'fail_fast': 'False', 'debug': 'False', 'log_path': 'logs', 'warn_error': 'None', 'version_check': 'True', 'use_colors': 'True', 'use_experimental_parser': 'False', 'empty': 'False', 'quiet': 'False', 'no_print': 'None', 'log_format': 'default', 'static_parser': 'True', 'warn_error_options': 'WarnErrorOptions(include=[], exclude=[])', 'introspect': 'True', 'target_path': 'None', 'invocation_command': 'dbt run --select stg_custo --profiles-dir .', 'send_anonymous_usage_stats': 'True'}
[0m16:42:05.405761 [error] [MainThread]: Encountered an error:
Runtime Error
  No dbt_project.yml found at expected path C:\w\sources\PERSO\dbt-postgres-trial\dbt_project.yml
  Verify that each entry within packages.yml (and their transitive dependencies) contains a file named dbt_project.yml
  
[0m16:42:05.408279 [debug] [MainThread]: Command `dbt run` failed at 16:42:05.408279 after 0.20 seconds
[0m16:42:05.409307 [debug] [MainThread]: Sending event: {'category': 'dbt', 'action': 'invocation', 'label': 'end', 'context': [<snowplow_tracker.self_describing_json.SelfDescribingJson object at 0x0000029A0C58A150>, <snowplow_tracker.self_describing_json.SelfDescribingJson object at 0x0000029A0C57D810>, <snowplow_tracker.self_describing_json.SelfDescribingJson object at 0x0000029A0C57D850>]}
[0m16:42:05.411454 [debug] [MainThread]: Flushing usage events
[0m16:42:15.479595 [debug] [MainThread]: An error was encountered while trying to flush usage events
[0m16:42:36.554010 [debug] [MainThread]: Sending event: {'category': 'dbt', 'action': 'invocation', 'label': 'start', 'context': [<snowplow_tracker.self_describing_json.SelfDescribingJson object at 0x000002B17121D090>, <snowplow_tracker.self_describing_json.SelfDescribingJson object at 0x000002B17412DF10>, <snowplow_tracker.self_describing_json.SelfDescribingJson object at 0x000002B173F64550>]}


============================== 16:42:36.560009 | 38e35f48-3bd9-42f4-a346-35e96395defa ==============================
[0m16:42:36.560009 [info ] [MainThread]: Running with dbt=1.9.0-b4
[0m16:42:36.562155 [debug] [MainThread]: running dbt with arguments {'printer_width': '80', 'indirect_selection': 'eager', 'write_json': 'True', 'log_cache_events': 'False', 'partial_parse': 'True', 'cache_selected_only': 'False', 'profiles_dir': './jaffle-shop', 'version_check': 'True', 'debug': 'False', 'log_path': 'logs', 'fail_fast': 'False', 'warn_error': 'None', 'use_colors': 'True', 'use_experimental_parser': 'False', 'no_print': 'None', 'quiet': 'False', 'empty': 'False', 'log_format': 'default', 'static_parser': 'True', 'invocation_command': 'dbt run --select stg_custo --profiles-dir ./jaffle-shop', 'introspect': 'True', 'target_path': 'None', 'warn_error_options': 'WarnErrorOptions(include=[], exclude=[])', 'send_anonymous_usage_stats': 'True'}
[0m16:42:36.563256 [warn ] [MainThread]: [[33mWARNING[0m]: Deprecated functionality

User config should be moved from the 'config' key in profiles.yml to the 'flags' key in dbt_project.yml.
[0m16:42:36.564329 [debug] [MainThread]: Sending event: {'category': 'dbt', 'action': 'deprecation', 'label': '38e35f48-3bd9-42f4-a346-35e96395defa', 'property_': 'warn', 'context': [<snowplow_tracker.self_describing_json.SelfDescribingJson object at 0x000002B17418F3D0>]}
[0m16:42:36.566047 [error] [MainThread]: Encountered an error:
Runtime Error
  No dbt_project.yml found at expected path C:\w\sources\PERSO\dbt-postgres-trial\dbt_project.yml
  Verify that each entry within packages.yml (and their transitive dependencies) contains a file named dbt_project.yml
  
[0m16:42:36.568864 [debug] [MainThread]: Command `dbt run` failed at 16:42:36.568864 after 0.16 seconds
[0m16:42:36.569887 [debug] [MainThread]: Sending event: {'category': 'dbt', 'action': 'invocation', 'label': 'end', 'context': [<snowplow_tracker.self_describing_json.SelfDescribingJson object at 0x000002B17418D090>, <snowplow_tracker.self_describing_json.SelfDescribingJson object at 0x000002B17413A390>, <snowplow_tracker.self_describing_json.SelfDescribingJson object at 0x000002B173E48C90>]}
[0m16:42:36.570889 [debug] [MainThread]: Flushing usage events
[0m16:42:46.590827 [debug] [MainThread]: An error was encountered while trying to flush usage events
[0m16:43:13.918873 [debug] [MainThread]: Sending event: {'category': 'dbt', 'action': 'invocation', 'label': 'start', 'context': [<snowplow_tracker.self_describing_json.SelfDescribingJson object at 0x00000295F2E2DD90>, <snowplow_tracker.self_describing_json.SelfDescribingJson object at 0x00000295F5DA1310>, <snowplow_tracker.self_describing_json.SelfDescribingJson object at 0x00000295F5DA2F50>]}


============================== 16:43:13.921087 | a753a084-8bc4-4e26-82fb-d1a950d51914 ==============================
[0m16:43:13.921087 [info ] [MainThread]: Running with dbt=1.9.0-b4
[0m16:43:13.925367 [debug] [MainThread]: running dbt with arguments {'printer_width': '80', 'indirect_selection': 'eager', 'log_cache_events': 'False', 'write_json': 'True', 'partial_parse': 'True', 'cache_selected_only': 'False', 'profiles_dir': 'C:\\w\\sources\\PERSO\\dbt-postgres-trial\\jaffle-shop', 'debug': 'False', 'warn_error': 'None', 'log_path': 'logs', 'version_check': 'True', 'fail_fast': 'False', 'use_colors': 'True', 'use_experimental_parser': 'False', 'no_print': 'None', 'quiet': 'False', 'empty': 'False', 'warn_error_options': 'WarnErrorOptions(include=[], exclude=[])', 'invocation_command': 'dbt run --select stg_custo --profiles-dir C:\\w\\sources\\PERSO\\dbt-postgres-trial\\jaffle-shop', 'log_format': 'default', 'introspect': 'True', 'target_path': 'None', 'static_parser': 'True', 'send_anonymous_usage_stats': 'True'}
[0m16:43:13.925367 [warn ] [MainThread]: [[33mWARNING[0m]: Deprecated functionality

User config should be moved from the 'config' key in profiles.yml to the 'flags' key in dbt_project.yml.
[0m16:43:13.925367 [debug] [MainThread]: Sending event: {'category': 'dbt', 'action': 'deprecation', 'label': 'a753a084-8bc4-4e26-82fb-d1a950d51914', 'property_': 'warn', 'context': [<snowplow_tracker.self_describing_json.SelfDescribingJson object at 0x00000295F5DA1650>]}
[0m16:43:13.929074 [error] [MainThread]: Encountered an error:
Runtime Error
  No dbt_project.yml found at expected path C:\w\sources\PERSO\dbt-postgres-trial\dbt_project.yml
  Verify that each entry within packages.yml (and their transitive dependencies) contains a file named dbt_project.yml
  
[0m16:43:13.931503 [debug] [MainThread]: Command `dbt run` failed at 16:43:13.931362 after 0.10 seconds
[0m16:43:13.931503 [debug] [MainThread]: Sending event: {'category': 'dbt', 'action': 'invocation', 'label': 'end', 'context': [<snowplow_tracker.self_describing_json.SelfDescribingJson object at 0x00000295F5D4A1D0>, <snowplow_tracker.self_describing_json.SelfDescribingJson object at 0x00000295F5DAD810>, <snowplow_tracker.self_describing_json.SelfDescribingJson object at 0x00000295F5DAFB90>]}
[0m16:43:13.932603 [debug] [MainThread]: Flushing usage events
[0m16:43:23.976994 [debug] [MainThread]: An error was encountered while trying to flush usage events
[0m16:44:06.670479 [debug] [MainThread]: Sending event: {'category': 'dbt', 'action': 'invocation', 'label': 'start', 'context': [<snowplow_tracker.self_describing_json.SelfDescribingJson object at 0x000002028F1EEC90>, <snowplow_tracker.self_describing_json.SelfDescribingJson object at 0x000002028F1BFC10>, <snowplow_tracker.self_describing_json.SelfDescribingJson object at 0x000002028C29D750>]}


============================== 16:44:06.670479 | 5ba99fca-ef9b-47b2-b7f8-8bbdf0f01213 ==============================
[0m16:44:06.670479 [info ] [MainThread]: Running with dbt=1.9.0-b4
[0m16:44:06.684316 [debug] [MainThread]: running dbt with arguments {'printer_width': '80', 'indirect_selection': 'eager', 'write_json': 'True', 'log_cache_events': 'False', 'partial_parse': 'True', 'cache_selected_only': 'False', 'warn_error': 'None', 'debug': 'False', 'profiles_dir': 'C:\\Users\\coutiert\\.dbt', 'log_path': 'logs', 'version_check': 'True', 'fail_fast': 'False', 'use_colors': 'True', 'use_experimental_parser': 'False', 'empty': 'None', 'quiet': 'False', 'no_print': 'None', 'log_format': 'default', 'static_parser': 'True', 'introspect': 'True', 'warn_error_options': 'WarnErrorOptions(include=[], exclude=[])', 'target_path': 'None', 'invocation_command': 'dbt debug', 'send_anonymous_usage_stats': 'True'}
[0m16:44:06.706228 [info ] [MainThread]: dbt version: 1.9.0-b4
[0m16:44:06.706228 [info ] [MainThread]: python version: 3.11.4
[0m16:44:06.706228 [info ] [MainThread]: python path: C:\Users\coutiert\AppData\Local\Programs\Python\Python311\python.exe
[0m16:44:06.706228 [info ] [MainThread]: os info: Windows-10-10.0.19045-SP0
[0m16:44:06.706228 [info ] [MainThread]: Using profiles dir at C:\Users\coutiert\.dbt
[0m16:44:06.706228 [info ] [MainThread]: Using profiles.yml file at C:\Users\coutiert\.dbt\profiles.yml
[0m16:44:06.706228 [info ] [MainThread]: Using dbt_project.yml file at C:\w\sources\PERSO\dbt-postgres-trial\dbt_project.yml
[0m16:44:06.715109 [info ] [MainThread]: Configuration:
[0m16:44:06.716109 [info ] [MainThread]:   profiles.yml file [[31mERROR not found[0m]
[0m16:44:06.716745 [info ] [MainThread]:   dbt_project.yml file [[31mERROR not found[0m]
[0m16:44:06.718453 [info ] [MainThread]: Required dependencies:
[0m16:44:06.719291 [debug] [MainThread]: Executing "git --help"
[0m16:44:06.758141 [debug] [MainThread]: STDOUT: "b"usage: git [-v | --version] [-h | --help] [-C <path>] [-c <name>=<value>]\n           [--exec-path[=<path>]] [--html-path] [--man-path] [--info-path]\n           [-p | --paginate | -P | --no-pager] [--no-replace-objects] [--bare]\n           [--git-dir=<path>] [--work-tree=<path>] [--namespace=<name>]\n           [--config-env=<name>=<envvar>] <command> [<args>]\n\nThese are common Git commands used in various situations:\n\nstart a working area (see also: git help tutorial)\n   clone     Clone a repository into a new directory\n   init      Create an empty Git repository or reinitialize an existing one\n\nwork on the current change (see also: git help everyday)\n   add       Add file contents to the index\n   mv        Move or rename a file, a directory, or a symlink\n   restore   Restore working tree files\n   rm        Remove files from the working tree and from the index\n\nexamine the history and state (see also: git help revisions)\n   bisect    Use binary search to find the commit that introduced a bug\n   diff      Show changes between commits, commit and working tree, etc\n   grep      Print lines matching a pattern\n   log       Show commit logs\n   show      Show various types of objects\n   status    Show the working tree status\n\ngrow, mark and tweak your common history\n   branch    List, create, or delete branches\n   commit    Record changes to the repository\n   merge     Join two or more development histories together\n   rebase    Reapply commits on top of another base tip\n   reset     Reset current HEAD to the specified state\n   switch    Switch branches\n   tag       Create, list, delete or verify a tag object signed with GPG\n\ncollaborate (see also: git help workflows)\n   fetch     Download objects and refs from another repository\n   pull      Fetch from and integrate with another repository or a local branch\n   push      Update remote refs along with associated objects\n\n'git help -a' and 'git help -g' list available subcommands and some\nconcept guides. See 'git help <command>' or 'git help <concept>'\nto read about a specific subcommand or concept.\nSee 'git help git' for an overview of the system.\n""
[0m16:44:06.758141 [debug] [MainThread]: STDERR: "b''"
[0m16:44:06.767649 [info ] [MainThread]:  - git [[32mOK found[0m]

[0m16:44:06.769643 [info ] [MainThread]: Connection test skipped since no profile was found
[0m16:44:06.770641 [info ] [MainThread]: [31m2 checks failed:[0m
[0m16:44:06.771991 [info ] [MainThread]: dbt looked for a profiles.yml file in C:\Users\coutiert\.dbt\profiles.yml, but did
not find one. For more information on configuring your profile, consult the
documentation:

https://docs.getdbt.com/docs/configure-your-profile


[0m16:44:06.771991 [info ] [MainThread]: Project loading failed for the following reason:
 project path <C:\w\sources\PERSO\dbt-postgres-trial\dbt_project.yml> not found

[0m16:44:06.776641 [debug] [MainThread]: Command `dbt debug` failed at 16:44:06.776641 after 0.17 seconds
[0m16:44:06.776641 [debug] [MainThread]: Sending event: {'category': 'dbt', 'action': 'invocation', 'label': 'end', 'context': [<snowplow_tracker.self_describing_json.SelfDescribingJson object at 0x000002028F19A010>, <snowplow_tracker.self_describing_json.SelfDescribingJson object at 0x000002028F20C050>, <snowplow_tracker.self_describing_json.SelfDescribingJson object at 0x0000020288D2B050>]}
[0m16:44:06.777749 [debug] [MainThread]: Flushing usage events
[0m16:44:16.810700 [debug] [MainThread]: An error was encountered while trying to flush usage events
